<?xml version="1.0" encoding="utf-8"?><testsuites name="pytest tests"><testsuite name="pytest" errors="0" failures="0" skipped="0" tests="23" time="5.856" timestamp="2026-05-06T07:08:37.511525+00:00" hostname="agent-env-23980a44-ab36-4cd3-aa62-5feb60b35092"><testcase classname="backend.tests.test_templates_warehouse.TestTemplates" name="test_list_unauth_401" time="0.137" /><testcase classname="backend.tests.test_templates_warehouse.TestTemplates" name="test_list_25_templates_5_categories" time="0.431" /><testcase classname="backend.tests.test_templates_warehouse.TestTemplates" name="test_render_docx_size_and_mime" time="0.124" /><testcase classname="backend.tests.test_templates_warehouse.TestTemplates" name="test_render_with_soldier_inserts_fio" time="0.239" /><testcase classname="backend.tests.test_templates_warehouse.TestTemplates" name="test_render_unknown_template_404" time="0.109" /><testcase classname="backend.tests.test_templates_warehouse.TestSettings" name="test_get_settings" time="0.101" /><testcase classname="backend.tests.test_templates_warehouse.TestSettings" name="test_put_settings_commander_ok" time="0.197" /><testcase classname="backend.tests.test_templates_warehouse.TestSettings" name="test_put_settings_viewer_403" time="0.425" /><testcase classname="backend.tests.test_templates_warehouse.TestSettings" name="test_put_settings_platoon_403" time="0.432" /><testcase classname="backend.tests.test_templates_warehouse.TestWarehouse" name="test_list_returns_balance_and_below_min" time="0.203" /><testcase classname="backend.tests.test_templates_warehouse.TestWarehouse" name="test_txn_in_increases_balance" time="0.206" /><testcase classname="backend.tests.test_templates_warehouse.TestWarehouse" name="test_txn_out_more_than_balance_400" time="0.107" /><testcase classname="backend.tests.test_templates_warehouse.TestWarehouse" name="test_txn_out_ok" time="0.210" /><testcase classname="backend.tests.test_templates_warehouse.TestWarehouse" name="test_txn_writeoff" time="0.212" /><testcase classname="backend.tests.test_templates_warehouse.TestWarehouse" name="test_get_item_txns_journal" time="0.100" /><testcase classname="backend.tests.test_templates_warehouse.TestWarehouse" name="test_summary" time="0.105" /><testcase classname="backend.tests.test_templates_warehouse.TestWarehouse" name="test_create_item_platoon_leader_ok" time="0.536" /><testcase classname="backend.tests.test_templates_warehouse.TestWarehouse" name="test_create_item_material_ok" time="0.854" /><testcase classname="backend.tests.test_templates_warehouse.TestWarehouse" name="test_create_item_viewer_403" time="0.097" /><testcase classname="backend.tests.test_templates_warehouse.TestWarehouse" name="test_create_txn_viewer_403" time="0.103" /><testcase classname="backend.tests.test_templates_warehouse.TestWarehouse" name="test_delete_item_platoon_403" time="0.100" /><testcase classname="backend.tests.test_templates_warehouse.TestWarehouse" name="test_delete_txn_commander_ok" time="0.223" /><testcase classname="backend.tests.test_templates_warehouse.TestWarehouse" name="test_delete_item_cascades_txns" time="0.496" /></testsuite></testsuites>