<?xml version="1.0" encoding="utf-8"?><testsuites name="pytest tests"><testsuite name="pytest" errors="0" failures="0" skipped="0" tests="19" time="11.059" timestamp="2026-05-14T17:07:39.199992+00:00" hostname="agent-env-23980a44-ab36-4cd3-aa62-5feb60b35092"><testcase classname="backend.tests.test_iteration6.TestBackupAsync" name="test_run_returns_202_with_job_id" time="0.466" /><testcase classname="backend.tests.test_iteration6.TestBackupAsync" name="test_job_polling_completes" time="1.199" /><testcase classname="backend.tests.test_iteration6.TestBackupAsync" name="test_jobs_list" time="0.131" /><testcase classname="backend.tests.test_iteration6.TestBackupAsync" name="test_duplicate_run_returns_same_job_with_message" time="1.339" /><testcase classname="backend.tests.test_iteration6.TestBackupAsync" name="test_cleanup_test_backups" time="0.503" /><testcase classname="backend.tests.test_iteration6.TestTransferValidation" name="test_invalid_to_node_path_400" time="0.532" /><testcase classname="backend.tests.test_iteration6.TestTransferValidation" name="test_invalid_transfer_type_400" time="0.118" /><testcase classname="backend.tests.test_iteration6.TestTransferValidation" name="test_valid_to_node_path_200" time="0.213" /><testcase classname="backend.tests.test_iteration6.TestAutoPpdOnExecute" name="test_in_rota_execute_sets_ppd" time="0.640" /><testcase classname="backend.tests.test_iteration6.TestAutoPpdOnExecute" name="test_in_zsu_sets_inshe" time="0.626" /><testcase classname="backend.tests.test_iteration6.TestDedupeGeneratedDocs" name="test_render_three_times_creates_one_doc" time="1.751" /><testcase classname="backend.tests.test_iteration6.TestDocumentStatusPydantic" name="test_invalid_status_422" time="0.433" /><testcase classname="backend.tests.test_iteration6.TestDocumentStatusPydantic" name="test_extra_field_422" time="0.120" /><testcase classname="backend.tests.test_iteration6.TestDocumentStatusPydantic" name="test_signed_with_optional_fields_200" time="0.109" /><testcase classname="backend.tests.test_iteration6.TestDocumentStatusPydantic" name="test_draft_200" time="0.235" /><testcase classname="backend.tests.test_iteration6.TestCsvExportQuoting" name="test_csv_with_bom_and_quoting" time="0.347" /><testcase classname="backend.tests.test_iteration6.TestBackupRbac" name="test_non_commander_forbidden[material]" time="1.429" /><testcase classname="backend.tests.test_iteration6.TestBackupRbac" name="test_non_commander_forbidden[kv1]" time="0.428" /><testcase classname="backend.tests.test_iteration6.TestBackupRbac" name="test_non_commander_forbidden[viewer]" time="0.370" /></testsuite></testsuites>