<?xml version="1.0" encoding="utf-8"?><testsuites name="pytest tests"><testsuite name="pytest" errors="0" failures="0" skipped="0" tests="24" time="7.522" timestamp="2026-05-14T16:47:03.508788+00:00" hostname="agent-env-23980a44-ab36-4cd3-aa62-5feb60b35092"><testcase classname="backend.tests.test_iteration5.TestLocation" name="test_put_soldier_location_fields" time="0.988" /><testcase classname="backend.tests.test_iteration5.TestLocation" name="test_all_location_statuses_accepted" time="1.306" /><testcase classname="backend.tests.test_iteration5.TestTransfers" name="test_create_in_rota_transfer" time="0.111" /><testcase classname="backend.tests.test_iteration5.TestTransfers" name="test_execute_in_rota_updates_card" time="0.351" /><testcase classname="backend.tests.test_iteration5.TestTransfers" name="test_execute_twice_fails" time="0.123" /><testcase classname="backend.tests.test_iteration5.TestTransfers" name="test_create_in_bat_adds_note" time="0.351" /><testcase classname="backend.tests.test_iteration5.TestTransfers" name="test_list_soldier_transfers" time="0.201" /><testcase classname="backend.tests.test_iteration5.TestTransfers" name="test_viewer_cannot_create_transfer" time="0.497" /><testcase classname="backend.tests.test_iteration5.TestBchsExport" name="test_csv_export_bom_and_columns" time="0.117" /><testcase classname="backend.tests.test_iteration5.TestBchsExport" name="test_xlsx_export_valid_workbook" time="0.503" /><testcase classname="backend.tests.test_iteration5.TestDocuments" name="test_generated_doc_has_draft_status" time="0.419" /><testcase classname="backend.tests.test_iteration5.TestDocuments" name="test_update_status_to_signed" time="0.115" /><testcase classname="backend.tests.test_iteration5.TestDocuments" name="test_invalid_status_rejected" time="0.150" /><testcase classname="backend.tests.test_iteration5.TestDocuments" name="test_viewer_cannot_update_status" time="0.122" /><testcase classname="backend.tests.test_iteration5.TestDocuments" name="test_inline_download" time="0.145" /><testcase classname="backend.tests.test_iteration5.TestDocuments" name="test_attachment_default" time="0.111" /><testcase classname="backend.tests.test_iteration5.TestBackup" name="test_run_backup_creates_file" time="0.297" /><testcase classname="backend.tests.test_iteration5.TestBackup" name="test_list_includes_backup" time="0.108" /><testcase classname="backend.tests.test_iteration5.TestBackup" name="test_download_backup" time="0.126" /><testcase classname="backend.tests.test_iteration5.TestBackup" name="test_delete_backup" time="0.233" /><testcase classname="backend.tests.test_iteration5.TestBackup" name="test_viewer_cannot_run_backup" time="0.112" /><testcase classname="backend.tests.test_iteration5.TestBackup" name="test_material_cannot_run_backup" time="0.458" /><testcase classname="backend.tests.test_iteration5.TestBackup" name="test_viewer_cannot_list_backups" time="0.130" /><testcase classname="backend.tests.test_iteration5.TestBackup" name="test_invalid_name_path_traversal" time="0.252" /></testsuite></testsuites>