<?xml version="1.0" encoding="utf-8"?><testsuites name="pytest tests"><testsuite name="pytest" errors="0" failures="0" skipped="0" tests="32" time="8.958" timestamp="2026-05-14T17:53:23.990083+00:00" hostname="agent-env-23980a44-ab36-4cd3-aa62-5feb60b35092"><testcase classname="backend.tests.test_iteration7.TestRefactorRegression" name="test_soldiers_get" time="0.583" /><testcase classname="backend.tests.test_iteration7.TestRefactorRegression" name="test_transfers_get" time="0.111" /><testcase classname="backend.tests.test_iteration7.TestRefactorRegression" name="test_warehouse_get" time="0.118" /><testcase classname="backend.tests.test_iteration7.TestRefactorRegression" name="test_backup_list" time="0.135" /><testcase classname="backend.tests.test_iteration7.TestRefactorRegression" name="test_structure_get" time="0.148" /><testcase classname="backend.tests.test_iteration7.TestPlatoonLeaderScope" name="test_list_only_own_platoon" time="0.472" /><testcase classname="backend.tests.test_iteration7.TestPlatoonLeaderScope" name="test_get_foreign_soldier_403" time="0.227" /><testcase classname="backend.tests.test_iteration7.TestPlatoonLeaderScope" name="test_create_foreign_node_403" time="0.126" /><testcase classname="backend.tests.test_iteration7.TestPlatoonLeaderScope" name="test_put_change_node_to_foreign_403" time="0.266" /><testcase classname="backend.tests.test_iteration7.TestPlatoonLeaderScope" name="test_delete_403_for_platoon_leader" time="0.267" /><testcase classname="backend.tests.test_iteration7.TestPlatoonLeaderTransfers" name="test_kv1_can_transfer_own_to_company_node" time="0.544" /><testcase classname="backend.tests.test_iteration7.TestPlatoonLeaderTransfers" name="test_kv1_cannot_transfer_foreign" time="0.238" /><testcase classname="backend.tests.test_iteration7.TestPlatoonLeaderTransfers" name="test_kv1_transfers_list_scoped" time="0.134" /><testcase classname="backend.tests.test_iteration7.TestAuditLog" name="test_audit_get_admin_200" time="0.104" /><testcase classname="backend.tests.test_iteration7.TestAuditLog" name="test_audit_categories" time="0.118" /><testcase classname="backend.tests.test_iteration7.TestAuditLog" name="test_audit_post_writes_entry" time="1.048" /><testcase classname="backend.tests.test_iteration7.TestAuditLog" name="test_audit_get_non_commander_403[kv1_token]" time="0.123" /><testcase classname="backend.tests.test_iteration7.TestAuditLog" name="test_audit_get_non_commander_403[material_token]" time="0.502" /><testcase classname="backend.tests.test_iteration7.TestAuditLog" name="test_audit_get_non_commander_403[viewer_token]" time="0.451" /><testcase classname="backend.tests.test_iteration7.TestAuditLog" name="test_audit_filters" time="0.116" /><testcase classname="backend.tests.test_iteration7.TestAuditTTL" name="test_ttl_index_exists" time="0.084" /><testcase classname="backend.tests.test_iteration7.TestPdfExport" name="test_pdf_admin_200" time="0.294" /><testcase classname="backend.tests.test_iteration7.TestPdfExport" name="test_pdf_kv1_own_200" time="0.262" /><testcase classname="backend.tests.test_iteration7.TestPdfExport" name="test_pdf_kv1_foreign_403" time="0.242" /><testcase classname="backend.tests.test_iteration7.TestStructureCRUD" name="test_a_create_subunit_admin" time="0.277" /><testcase classname="backend.tests.test_iteration7.TestStructureCRUD" name="test_b_rbac_non_commander" time="0.252" /><testcase classname="backend.tests.test_iteration7.TestStructureCRUD" name="test_c_create_squad" time="0.126" /><testcase classname="backend.tests.test_iteration7.TestStructureCRUD" name="test_d_rename_squad" time="0.113" /><testcase classname="backend.tests.test_iteration7.TestStructureCRUD" name="test_e_delete_squad" time="0.133" /><testcase classname="backend.tests.test_iteration7.TestStructureCRUD" name="test_f_rename_subunit_cascade" time="0.534" /><testcase classname="backend.tests.test_iteration7.TestStructureCRUD" name="test_g_delete_subunit_force" time="0.108" /><testcase classname="backend.tests.test_iteration7.TestStructureCRUD" name="test_h_delete_with_deps_400" time="0.621" /></testsuite></testsuites>