<?xml version="1.0" encoding="utf-8"?><testsuites name="pytest tests"><testsuite name="pytest" errors="0" failures="1" skipped="0" tests="23" time="6.412" timestamp="2026-05-06T06:11:49.103828+00:00" hostname="agent-env-23980a44-ab36-4cd3-aa62-5feb60b35092"><testcase classname="backend.tests.test_full_app.TestAuth" name="test_login_success_admin" time="0.401" /><testcase classname="backend.tests.test_full_app.TestAuth" name="test_login_returns_user_and_role" time="0.332" /><testcase classname="backend.tests.test_full_app.TestAuth" name="test_login_wrong_password" time="0.401" /><testcase classname="backend.tests.test_full_app.TestAuth" name="test_auth_me_with_token" time="0.103" /><testcase classname="backend.tests.test_full_app.TestAuth" name="test_structure_without_token" time="0.102" /><testcase classname="backend.tests.test_full_app.TestAuth" name="test_structure_with_token" time="0.113"><failure message="KeyError: 'management'">backend/tests/test_full_app.py:106: in test_structure_with_token
    mgmt = data["subunits"]["management"]
           ^^^^^^^^^^^^^^^^^^^^^^^^^^^^^^
E   KeyError: 'management'</failure></testcase><testcase classname="backend.tests.test_full_app.TestBruteForceLockout" name="test_lockout_after_5_failed_attempts" time="0.746" /><testcase classname="backend.tests.test_full_app.Test2FA" name="test_2fa_setup_and_verify" time="0.674" /><testcase classname="backend.tests.test_full_app.TestSoldiers" name="test_seed_soldiers_from_bchs" time="0.107" /><testcase classname="backend.tests.test_full_app.TestSoldiers" name="test_list_soldiers_not_empty" time="0.110" /><testcase classname="backend.tests.test_full_app.TestSoldiers" name="test_viewer_cannot_seed" time="0.113" /><testcase classname="backend.tests.test_full_app.TestSoldiers" name="test_update_soldier_fields" time="0.314" /><testcase classname="backend.tests.test_full_app.TestDocuments" name="test_upload_download_delete_document" time="0.538" /><testcase classname="backend.tests.test_full_app.TestDocuments" name="test_upload_invalid_doc_type" time="0.199" /><testcase classname="backend.tests.test_full_app.TestAmmo" name="test_preset_ammo" time="0.177" /><testcase classname="backend.tests.test_full_app.TestAmmo" name="test_ammo_summary_contains_ak74_and_brennen" time="0.096" /><testcase classname="backend.tests.test_full_app.TestAmmo" name="test_ammo_crud" time="0.322" /><testcase classname="backend.tests.test_full_app.TestNotifications" name="test_material_notifications" time="0.451" /><testcase classname="backend.tests.test_full_app.TestRBAC" name="test_viewer_cannot_create_equipment" time="0.144" /><testcase classname="backend.tests.test_full_app.TestRBAC" name="test_platoon_leader_cannot_run_preset_typical" time="0.445" /><testcase classname="backend.tests.test_full_app.TestRBAC" name="test_platoon_leader_cannot_seed_soldiers" time="0.096" /><testcase classname="backend.tests.test_full_app.TestExportsSmoke" name="test_export_orgstructure_requires_auth" time="0.100" /><testcase classname="backend.tests.test_full_app.TestExportsSmoke" name="test_export_zip_with_auth" time="0.114" /></testsuite></testsuites>