<?xml version="1.0" encoding="utf-8"?><testsuites name="pytest tests"><testsuite name="pytest" errors="0" failures="0" skipped="0" tests="12" time="1.661" timestamp="2026-05-06T04:50:23.991123+00:00" hostname="agent-env-23980a44-ab36-4cd3-aa62-5feb60b35092"><testcase classname="backend.tests.backend_test" name="test_structure" time="0.234" /><testcase classname="backend.tests.backend_test" name="test_config" time="0.050" /><testcase classname="backend.tests.backend_test" name="test_equipment_crud" time="0.252" /><testcase classname="backend.tests.backend_test" name="test_equipment_preset_typical" time="0.057" /><testcase classname="backend.tests.backend_test" name="test_equipment_summary" time="0.053" /><testcase classname="backend.tests.backend_test" name="test_interactions_crud" time="0.270" /><testcase classname="backend.tests.backend_test" name="test_interactions_preset" time="0.104" /><testcase classname="backend.tests.backend_test" name="test_export_orgstructure_xml" time="0.096" /><testcase classname="backend.tests.backend_test" name="test_export_command_xml" time="0.052" /><testcase classname="backend.tests.backend_test" name="test_export_interactions_xml" time="0.058" /><testcase classname="backend.tests.backend_test" name="test_export_zip" time="0.074" /><testcase classname="backend.tests.backend_test" name="test_pozashtatny_in_export" time="0.185" /></testsuite></testsuites>